<?xml version="1.0" encoding="UTF-8"?>
<testng-results skipped="0" failed="0" ignored="0" total="1" passed="1">
  <reporter-output>
  </reporter-output>
  <suite name="Default suite" duration-ms="2754" started-at="2020-07-16T20:21:15 IST" finished-at="2020-07-16T20:21:18 IST">
    <groups>
    </groups>
    <test name="Default test" duration-ms="2754" started-at="2020-07-16T20:21:15 IST" finished-at="2020-07-16T20:21:18 IST">
      <class name="com.test.apis.NewTest">
        <test-method status="PASS" signature="f()[pri:0, instance:com.test.apis.NewTest@694e1548]" name="f" duration-ms="2676" started-at="2020-07-16T20:21:15 IST" finished-at="2020-07-16T20:21:18 IST">
          <reporter-output>
          </reporter-output>
        </test-method> <!-- f -->
      </class> <!-- com.test.apis.NewTest -->
    </test> <!-- Default test -->
  </suite> <!-- Default suite -->
</testng-results>
