<?xml version="1.0" encoding="UTF-8"?>
<testng-results skipped="0" failed="0" ignored="0" total="2" passed="2">
  <reporter-output>
  </reporter-output>
  <suite name="Default suite" duration-ms="13789" started-at="2020-08-29T10:39:17Z" finished-at="2020-08-29T10:39:31Z">
    <groups>
    </groups>
    <test name="Default test" duration-ms="13789" started-at="2020-08-29T10:39:17Z" finished-at="2020-08-29T10:39:31Z">
      <class name="com.test.apis.NewTest">
        <test-method status="PASS" signature="signUp()[pri:0, instance:com.test.apis.NewTest@59f99ea]" name="signUp" duration-ms="12773" started-at="2020-08-29T16:09:17Z" finished-at="2020-08-29T16:09:30Z">
          <reporter-output>
          </reporter-output>
        </test-method> <!-- signUp -->
        <test-method status="PASS" signature="userExists()[pri:0, instance:com.test.apis.NewTest@59f99ea]" name="userExists" duration-ms="874" started-at="2020-08-29T16:09:30Z" finished-at="2020-08-29T16:09:31Z">
          <reporter-output>
          </reporter-output>
        </test-method> <!-- userExists -->
      </class> <!-- com.test.apis.NewTest -->
    </test> <!-- Default test -->
  </suite> <!-- Default suite -->
</testng-results>
